Call 545206,00:00:03,2025/05/13 21:25:01,TerminatedByDst,6086301613,130,Mina Abadeer

Call 545207,00:00:02,2025/05/13 21:25:35,TerminatedByDst,6083384307,130,Mina Abadeer

Call 545208,00:00:02,2025/05/13 21:25:52,TerminatedBySrc,6084386736,108,Doreen Brokmeier

Call 545209,00:00:15,2025/05/13 21:27:22,TerminatedBySrc,821,10007,8722597759:Main number

Call 545210,00:00:05,2025/05/13 21:31:27,TerminatedBySrc,108,126,Tim Collins

Call 545211,00:01:51,2025/05/13 21:30:23,TerminatedBySrc,6088523066,108,Doreen Brokmeier

Call 545212,00:01:12,2025/05/13 21:33:53,TerminatedBySrc,6086619900,108,Doreen Brokmeier

Call 545213,00:01:16,2025/05/13 21:35:35,TerminatedByDst,6088523066,108,Doreen Brokmeier

Call 545214,00:01:36,2025/05/13 21:40:52,TerminatedBySrc,803,10007,3479345961:TDS CARTER

Call 545215,00:00:35,2025/05/13 21:56:46,TerminatedBySrc,821,10007,6084192497:TDS BEST DEFENSE MAIN

Call 545216,00:00:01,2025/05/13 21:58:00,TerminatedBySrc,803,10007,Jesse Hall:TDS CARTER

Call 545217,00:01:10,2025/05/13 22:01:20,TerminatedByDst,921,10007,4144833750:New Berlin

Call 545218,00:06:21,2025/05/13 22:02:37,TerminatedBySrc,921,10007,4144833750:New Berlin

Call 545219,00:00:08,2025/05/13 23:05:36,TerminatedBySrc,821,10007,2816273910:TDS BEST DEFENSE MAIN

Call 545220,00:00:29,2025/05/14 12:25:48,TerminatedBySrc,821,10007,6082122378:TDS BEST DEFENSE MAIN

Call 545221,00:04:31,2025/05/14 12:48:54,TerminatedByDst,821,10007,8772069141:TDS BEST DEFENSE MAIN

Call 545222,00:09:10,2025/05/14 12:51:58,TerminatedByDst,821,10007,8772069141:TDS BEST DEFENSE MAIN

Call 545223,00:02:02,2025/05/14 13:11:49,TerminatedBySrc,921,10007,2628127327:New Berlin 2

Call 545224,00:04:09,2025/05/14 13:10:31,TerminatedBySrc,105,125,Ashley Conklin

Call 545225,00:00:03,2025/05/14 13:40:14,TerminatedBySrc,821,10007,6083431601:TDS BEST DEFENSE MAIN

Call 545226,00:00:13,2025/05/14 13:40:22,TerminatedBySrc,821,10007,6083431601:TDS BEST DEFENSE MAIN

Call 545227,00:00:26,2025/05/14 13:39:48,TerminatedBySrc,6087336427,108,Doreen Brokmeier

Call 545228,00:01:11,2025/05/14 13:51:30,TerminatedBySrc,845,10007,3182137050

Call 545229,,2025/05/14 13:55:46,NoRouteExists,41488200005,136,Katie Jayce

Call 545230,00:01:27,2025/05/14 13:56:01,TerminatedBySrc,4148820005,136,Katie Jayce

Call 545231,00:00:29,2025/05/14 14:09:53,TerminatedByDst,821,10007,8883402265:TDS BEST DEFENSE MAIN

Call 545232,00:00:04,2025/05/14 14:10:23,TerminatedBySrc,126,107,Doreen DID

Call 545233,00:08:17,2025/05/14 14:06:34,TerminatedByDst,821,10007,John Vue:TDS BEST DEFENSE MAIN

Call 545234,00:00:08,2025/05/14 14:20:28,TerminatedBySrc,821,10007,6197876964:TDS BEST DEFENSE MAIN

Call 545235,00:00:43,2025/05/14 14:20:44,TerminatedBySrc,821,10007,6197876964:TDS BEST DEFENSE MAIN

Call 545236,00:05:45,2025/05/14 14:17:41,TerminatedByDst,921,10007,4149337514:New Berlin

Call 545237,00:08:35,2025/05/14 14:15:08,TerminatedBySrc,126,107,Doreen DID

Call 545238,00:00:30,2025/05/14 14:23:27,TerminatedBySrc,821,10007,John Vue:TDS BEST DEFENSE MAIN

Call 545239,00:03:28,2025/05/14 14:21:34,TerminatedByDst,821,10007,6197876964:TDS BEST DEFENSE MAIN

Call 545240,00:06:57,2025/05/14 14:29:17,TerminatedByDst,821,10007,6088316916:TDS BEST DEFENSE MAIN

Call 545241,00:03:34,2025/05/14 14:35:18,TerminatedByDst,6089102557,210,Greg Nackel

Call 545242,00:01:09,2025/05/14 14:45:37,TerminatedBySrc,4149337514,210,Greg Nackel

Call 545243,00:04:51,2025/05/14 14:45:57,TerminatedByDst,124,126,Tim Collins

Call 545244,00:00:37,2025/05/14 14:54:37,TerminatedBySrc,6086090873,123,Kenna Johnson

Call 545245,00:00:35,2025/05/14 14:58:15,TerminatedBySrc,845,10007,2022231001

Call 545246,00:00:47,2025/05/14 14:59:17,TerminatedBySrc,821,10007,6084169731:TDS BEST DEFENSE MAIN

Call 545247,00:00:36,2025/05/14 15:03:11,TerminatedByDst,134,10007,7328424000:Sarah

Call 545248,00:00:05,2025/05/14 15:04:11,TerminatedBySrc,134,10007,7328424000:Sarah

Call 545249,00:01:13,2025/05/14 15:03:37,TerminatedBySrc,821,10007,8017816101:TDS BEST DEFENSE MAIN

Call 545250,00:04:09,2025/05/14 15:08:06,TerminatedBySrc,2623368787,210,Greg Nackel

Call 545251,00:13:46,2025/05/14 14:58:55,TerminatedBySrc,921,10007,2623527476:New Berlin 2

Call 545252,00:07:41,2025/05/14 15:05:01,TerminatedByDst,821,10007,8017816101:TDS BEST DEFENSE MAIN

Call 545253,00:02:26,2025/05/14 15:14:53,TerminatedBySrc,6082440500,107,Doreen DID

Call 545254,00:00:31,2025/05/14 15:25:40,TerminatedBySrc,821,10007,9206333067:TDS 9203580900

Call 545255,00:00:37,2025/05/14 15:30:12,TerminatedBySrc,821,10007,6088464718:TDS BEST DEFENSE MAIN

Call 545256,00:09:21,2025/05/14 15:27:47,TerminatedByDst,821,10007,9202501952:TDS BEST DEFENSE MAIN

Call 545257,00:16:48,2025/05/14 15:20:55,TerminatedByDst,123,126,Tim Collins

Call 545258,00:02:28,2025/05/14 15:37:25,TerminatedBySrc,6084386734,128,Ashley Team

Call 545259,00:00:04,2025/05/14 15:43:30,TerminatedBySrc,6086090873,126,Tim Collins

Call 545260,00:03:55,2025/05/14 15:40:35,TerminatedByDst,821,10007,6084595772:TDS BEST DEFENSE MAIN

Call 545261,00:03:38,2025/05/14 15:42:15,TerminatedByDst,128,10007,Carter Rierson:Ashley

Call 545262,00:06:33,2025/05/14 15:42:07,TerminatedByDst,921,10007,4144033383:New Berlin

Call 545263,00:03:10,2025/05/14 15:46:15,TerminatedBySrc,105,125,Ashley Conklin

Call 545264,00:05:04,2025/05/14 15:54:11,TerminatedByDst,821,10007,8772069141:TDS BEST DEFENSE MAIN

Call 545265,00:05:04,2025/05/14 15:54:13,TerminatedBySrc,105,125,Ashley Conklin

Call 545266,00:18:44,2025/05/14 15:44:36,TerminatedBySrc,6084386736,126,Tim Collins

Call 545267,00:04:36,2025/05/14 16:02:17,TerminatedByDst,821,10007,9207503940:TDS BEST DEFENSE MAIN

Call 545268,00:01:25,2025/05/14 16:12:13,TerminatedByDst,111,10007,Kris Wicks:Danielle

Call 545269,00:11:31,2025/05/14 16:05:03,TerminatedBySrc,8442037906,136,Katie Jayce

Call 545270,00:04:16,2025/05/14 16:14:49,TerminatedByDst,821,10007,8478636735:TDS BEST DEFENSE MAIN

Call 545271,00:00:35,2025/05/14 16:19:04,TerminatedByDst,821,10007,Ryan McGrath:TDS BEST DEFENSE MAIN

Call 545272,00:05:36,2025/05/14 16:14:34,TerminatedByDst,921,10007,4145260172:New Berlin

Call 545273,00:00:35,2025/05/14 16:19:41,TerminatedBySrc,821,10007,2022231001:TDS 7153010185

Call 545274,00:11:07,2025/05/14 16:09:24,TerminatedByDst,921,10007,2628127327:New Berlin 2

Call 545275,00:00:45,2025/05/14 16:19:59,TerminatedBySrc,9204009037,109,Nicole Place

Call 545276,00:00:07,2025/05/14 16:20:51,TerminatedBySrc,6084386736,108,Doreen Brokmeier

Call 545277,00:03:45,2025/05/14 16:20:13,TerminatedBySrc,4144358002,126,Tim Collins

Call 545278,00:01:16,2025/05/14 16:24:08,TerminatedBySrc,122,10007,Jesse Hall:Kenna

Call 545279,00:01:04,2025/05/14 16:25:12,TerminatedBySrc,4145260172,126,Tim Collins

Call 545280,00:01:42,2025/05/14 16:25:17,TerminatedBySrc,4144358002,108,Doreen Brokmeier

Call 545281,00:00:07,2025/05/14 16:27:48,TerminatedBySrc,821,10007,9204009037:TDS BEST DEFENSE MAIN

Call 545282,00:00:44,2025/05/14 16:28:00,TerminatedBySrc,821,10007,9204009037:TDS BEST DEFENSE MAIN

Call 545283,00:00:15,2025/05/14 16:32:17,TerminatedBySrc,921,10007,4149449314:New Berlin

Call 545284,00:00:04,2025/05/14 16:33:36,TerminatedBySrc,125,105,Joe Cad

Call 545285,00:00:04,2025/05/14 16:33:37,TerminatedBySrc,821,10007,9372:TDS BEST DEFENSE MAIN

Call 545286,00:00:07,2025/05/14 16:35:49,TerminatedBySrc,821,10007,4352695679:TDS BEST DEFENSE MAIN

Call 545287,00:00:07,2025/05/14 16:42:03,TerminatedBySrc,105,10007,Jesse Hall:Joe Harris

Call 545288,00:02:04,2025/05/14 16:42:53,TerminatedByDst,126,125,Ashley Conklin

Call 545289,00:00:08,2025/05/14 16:47:55,TerminatedByDst,9202483508,108,Doreen Brokmeier

Call 545290,00:15:14,2025/05/14 16:35:14,TerminatedByDst,821,10007,9204455500:TDS BEST DEFENSE MAIN

Call 545291,00:10:13,2025/05/14 16:40:30,TerminatedByDst,921,10007,2622554750:New Berlin 2

Call 545292,00:00:38,2025/05/14 17:00:14,TerminatedBySrc,124,126,Tim Collins

Call 545293,00:01:04,2025/05/14 17:02:41,TerminatedBySrc,921,10007,4145260172:New Berlin

Call 545294,00:00:23,2025/05/14 17:06:29,TerminatedBySrc,821,10007,5414175348:TDS 4142553942

Call 545295,00:00:37,2025/05/14 17:06:15,TerminatedBySrc,6084595772,126,Tim Collins

Call 545296,00:01:22,2025/05/14 17:18:28,TerminatedBySrc,2628959080,108,Doreen Brokmeier

Call 545297,00:02:13,2025/05/14 17:24:24,TerminatedByDst,821,10007,6084595772:TDS BEST DEFENSE MAIN

Call 545298,00:00:06,2025/05/14 17:29:59,TerminatedBySrc,821,10007,9202483508:TDS BEST DEFENSE MAIN

Call 545299,00:00:07,2025/05/14 17:31:23,TerminatedBySrc,2622870326,109,Nicole Place

Call 545300,00:00:41,2025/05/14 17:31:48,TerminatedByDst,6089316888,109,Nicole Place

Call 545301,00:00:01,2025/05/14 17:36:08,TerminatedBySrc,821,10007,5418105050:$$$ FONDULAC TDS

Call 545302,00:00:23,2025/05/14 17:36:08,TerminatedBySrc,821,10007,5416925157:$$$ FONDULAC TDS

Call 545303,00:02:12,2025/05/14 17:36:04,TerminatedByDst,821,10007,8772069141:TDS BEST DEFENSE MAIN

Call 545304,00:00:15,2025/05/14 17:41:49,TerminatedBySrc,105,103,Carter Rierson

Call 545305,00:07:32,2025/05/14 17:38:32,TerminatedByDst,821,10007,8772069141:TDS BEST DEFENSE MAIN

Call 545306,00:14:34,2025/05/14 17:31:31,TerminatedByDst,921,10007,2623555122:New Berlin 2

Call 545307,00:00:36,2025/05/14 17:47:33,TerminatedByDst,7158929354,138,Tim Cellevator

Call 545308,00:02:03,2025/05/14 17:46:59,TerminatedBySrc,124,126,Tim Collins

Call 545309,00:01:21,2025/05/14 17:49:09,TerminatedBySrc,7158929354,138,Tim Cellevator

Call 545310,00:00:52,2025/05/14 18:04:38,TerminatedBySrc,6084321602,108,Doreen Brokmeier

Call 545311,00:15:47,2025/05/14 17:53:06,TerminatedBySrc,8006760631,138,Tim Cellevator

Call 545312,00:02:10,2025/05/14 18:09:11,TerminatedBySrc,124,126,Tim Collins

Call 545313,00:00:58,2025/05/14 18:10:46,TerminatedBySrc,6082400540,210,Greg Nackel

Call 545314,,2025/05/14 18:14:34,TargetNotFound,262255475,210,Greg Nackel

Call 545315,00:04:08,2025/05/14 18:11:48,TerminatedBySrc,6084595772,126,Tim Collins

Call 545316,00:01:13,2025/05/14 18:14:49,TerminatedBySrc,2622554750,210,Greg Nackel

Call 545317,00:00:35,2025/05/14 18:18:36,TerminatedBySrc,9202105493,108,Doreen Brokmeier

Call 545318,00:02:05,2025/05/14 18:20:19,TerminatedByDst,921,10007,4143080222:New Berlin

Call 545319,00:05:06,2025/05/14 18:19:18,TerminatedByDst,821,10007,9202964006:TDS BEST DEFENSE MAIN

Call 545320,00:00:23,2025/05/14 18:36:43,TerminatedBySrc,821,10007,5418604539:TDS 6084035900

Call 545321,00:00:22,2025/05/14 18:38:13,TerminatedBySrc,821,10007,5418604524:TDS 9203580900

Call 545322,00:04:53,2025/05/14 18:34:28,TerminatedByDst,845,10007,7326907566

Call 545323,00:01:02,2025/05/14 18:41:39,TerminatedByDst,921,10007,Rob Baird:New Berlin 2

Call 545324,00:00:52,2025/05/14 18:47:12,TerminatedByDst,821,10007,6084321602:TDS BEST DEFENSE MAIN

Call 545325,00:02:18,2025/05/14 18:46:54,TerminatedBySrc,134,103,Carter Rierson

Call 545326,00:01:56,2025/05/14 18:47:43,TerminatedBySrc,821,10007,5153485744:TDS 4142553942

Call 545327,00:00:27,2025/05/14 18:49:29,TerminatedBySrc,6084381531,134,Sarah Southwell

Call 545328,00:04:57,2025/05/14 18:59:09,TerminatedByDst,111,10007,Kris Wicks:Danielle

Call 545329,00:01:21,2025/05/14 19:04:03,TerminatedByDst,821,10007,5153485744:TDS BEST DEFENSE MAIN

Call 545330,00:01:17,2025/05/14 19:04:25,TerminatedByDst,9209660306,109,Nicole Place

Call 545331,00:00:53,2025/05/14 19:05:39,TerminatedBySrc,821,10007,8772069141:TDS BEST DEFENSE MAIN

Call 545332,00:00:10,2025/05/14 19:07:44,TerminatedBySrc,821,10007,9164697685:TDS 7153010185

Call 545333,00:03:03,2025/05/14 19:06:59,TerminatedByDst,821,10007,5153485744:TDS 4142553942

Call 545334,00:07:16,2025/05/14 19:05:03,TerminatedByDst,821,10007,7069738680:TDS BEST DEFENSE MAIN

Call 545335,00:03:33,2025/05/14 19:11:23,TerminatedByDst,821,10007,8017816101:TDS BEST DEFENSE MAIN

Call 545336,00:08:20,2025/05/14 19:06:37,TerminatedByDst,821,10007,8772069141:TDS BEST DEFENSE MAIN

Call 545337,00:11:30,2025/05/14 19:03:27,TerminatedBySrc,821,10007,6089772751:TDS BEST DEFENSE MAIN

Call 545338,00:00:26,2025/05/14 19:24:32,TerminatedBySrc,128,10007,Carter Rierson:Ashley

Call 545339,00:03:37,2025/05/14 19:21:43,TerminatedByDst,821,10007,6502090732:TDS BEST DEFENSE MAIN

Call 545340,00:02:41,2025/05/14 19:23:01,TerminatedByDst,821,10007,6502090732:TDS BEST DEFENSE MAIN

Call 545341,,2025/05/14 19:35:01,TerminatedBySrc,6084389736,128,Ashley Team

Call 545342,00:01:05,2025/05/14 19:39:18,TerminatedByDst,126,125,Ashley Conklin

Call 545343,00:00:58,2025/05/14 19:44:36,TerminatedBySrc,821,10007,6089999497:TDS BEST DEFENSE MAIN

Call 545344,00:02:03,2025/05/14 19:45:49,TerminatedByDst,921,10007,4144481312:New Berlin

Call 545345,00:01:05,2025/05/14 19:49:12,TerminatedBySrc,921,10007,4144481312:New Berlin

Call 545346,00:01:07,2025/05/14 19:50:56,TerminatedBySrc,921,10007,4144481312:New Berlin

Call 545347,00:00:57,2025/05/14 19:52:44,TerminatedBySrc,130,125,Ashley Conklin

Call 545348,00:05:53,2025/05/14 19:48:20,TerminatedByDst,921,10007,4145260172:New Berlin

Call 545349,00:00:38,2025/05/14 19:59:03,TerminatedBySrc,821,10007,9206333012:TDS 4142553942

Call 545350,,2025/05/14 20:01:34,TerminatedBySrc,122,10007,8159852819:Kenna

Call 545351,00:00:28,2025/05/14 20:02:20,TerminatedByDst,821,10007,3186585427:TDS BEST DEFENSE MAIN

Call 545352,00:00:00,2025/05/14 20:05:25,TerminatedBySrc,821,10007,3855088033:TDS BEST DEFENSE MAIN

Call 545353,00:00:27,2025/05/14 20:06:29,TerminatedByDst,821,10007,3855088033:TDS BEST DEFENSE MAIN

Call 545354,00:02:36,2025/05/14 20:05:12,TerminatedByDst,921,10007,4148132414:New Berlin

Call 545355,00:00:27,2025/05/14 20:09:14,TerminatedByDst,821,10007,4353608362:TDS BEST DEFENSE MAIN

Call 545356,00:00:28,2025/05/14 20:10:06,TerminatedByDst,821,10007,3855088033:TDS BEST DEFENSE MAIN

Call 545357,00:00:27,2025/05/14 20:13:02,TerminatedByDst,821,10007,3186585427:TDS BEST DEFENSE MAIN

Call 545358,00:00:28,2025/05/14 20:15:48,TerminatedByDst,821,10007,4353608362:TDS BEST DEFENSE MAIN

Call 545359,,2025/05/14 20:34:26,TerminatedBySrc,130,112,Sheila Lacombe

Call 545360,00:03:48,2025/05/14 20:42:36,TerminatedByDst,921,10007,4148132414:New Berlin

Call 545361,00:02:39,2025/05/14 20:44:28,TerminatedByDst,125,105,Joe Cad

Call 545362,00:02:42,2025/05/14 20:46:58,TerminatedByDst,821,10007,6502090732:TDS BEST DEFENSE MAIN

Call 545363,00:04:14,2025/05/14 20:45:34,TerminatedByDst,921,10007,4142572528:New Berlin

Call 545364,00:01:18,2025/05/14 20:53:35,TerminatedByDst,921,10007,4142572528:New Berlin

